average: 577
21 179 127 95 218 18 261 19 277 50 61 237 140 93 112 12 182 252 194 189 151 130
16 116 148 24 56 156 113 214 172 122 207 177 283 201 35 196 192
20 33 162 7 263 198 226 29 222 26 236 73 6 25 98 266 59 228 231 37 257
15 54 290 273 171 146 243 3 22 152 71 206 279 186 69 173
13 221 294 92 105 60 27 191 199 242 43 262 153 2
5 234 259 129 115 165
10 36 161 21 230 163 190 5 106 154 149
14 65 134 260 227 125 79 174 239 14 111 265 176 215 97
13 216 13 281 32 284 82 158 238 104 256 270 208 274
5 180 299 210 195 139
3 167 4 124
2 0 246
2 212 220
4 275 58 15 44
11 41 193 267 96 102 241 64 170 250 289 30
5 184 133 74 200 39
8 34 244 68 209 235 219 55 126
1 87
7 85 121 117 114 76 205 255
4 168 136 53 202
7 296 62 224 188 51 66 120
6 88 63 67 288 229 293
1 249
1 110
4 99 40 157 86
6 164 276 282 185 258 94
7 108 72 204 271 197 101 118
3 8 240 278
3 80 225 100
2 103 137
1 159
3 75 107 123
3 203 213 245
1 286
2 285 91
1 150
2 187 109
4 144 128 155 272
1 57
2 38 45
2 166 175
1 232
1 28
6 217 160 248 141 135 247
3 11 90 31
1 295
1 254
3 89 119 84
1 268
1 298
2 253 132
2 23 81
1 48
1 42
1 269
1 147
1 131
2 10 78
2 83 145
3 287 142 251
2 138 211
1 70
1 16
2 181 183
1 291
1 223
1 20
1 264
2 292 233
1 280
1 297
1 17
1 47
1 46
1 1
1 143
1 49
1 178
0
1 9
1 77
1 52
0
0
0
0
0
0
0
0
0
0
0
0
0
0
0
0
0
0
